2023-08-14 10:12:16 - INFO - ******导入程序已启动*******
2023-08-14 10:12:18 - INFO - 导入节点成功
2023-08-14 10:12:18 - DEBUG - 导入本体节点:8
2023-08-14 10:12:18 - DEBUG - 导入实体节点:20
2023-08-14 10:12:20 - INFO - 导入实体与实例关系成功
2023-08-14 10:12:20 - DEBUG - 导入实体-实例关系:20
2023-08-14 10:13:18 - INFO - ******导入程序已启动*******
2023-08-14 10:13:19 - INFO - 导入节点成功
2023-08-14 10:13:19 - DEBUG - 导入本体节点:8
2023-08-14 10:13:19 - DEBUG - 导入实体节点:20
2023-08-14 10:13:22 - INFO - 导入实体与实例关系成功
2023-08-14 10:13:22 - DEBUG - 导入实体-实例关系:20
2023-08-14 10:18:44 - INFO - ******导入程序已启动*******
2023-08-14 10:18:46 - INFO - 导入节点成功
2023-08-14 10:18:46 - DEBUG - 导入本体节点:8
2023-08-14 10:18:46 - DEBUG - 导入实体节点:20
2023-08-14 10:18:47 - INFO - 导入实体与实例关系成功
2023-08-14 10:18:47 - DEBUG - 导入实体-实例关系:20
2023-08-14 10:20:22 - INFO - ******导入程序已启动*******
2023-08-14 10:20:23 - INFO - 导入节点成功
2023-08-14 10:20:23 - DEBUG - 导入本体节点:8
2023-08-14 10:20:23 - DEBUG - 导入实体节点:20
2023-08-14 10:20:24 - INFO - 导入实体与实例关系成功
2023-08-14 10:20:24 - DEBUG - 导入实体-实例关系:20
