2023-08-10 21:26:54 - INFO - ******导入程序已启动*******
2023-08-10 21:26:55 - INFO - 导入节点成功
2023-08-10 21:26:55 - DEBUG - 导入本体节点:22
2023-08-10 21:26:55 - DEBUG - 导入实体节点:87
2023-08-10 21:26:56 - INFO - 导入实体与实例关系成功
2023-08-10 21:26:56 - DEBUG - 导入实体-实例关系:87
2023-08-10 21:28:00 - INFO - ******导入程序已启动*******
2023-08-10 21:28:00 - INFO - 导入节点成功
2023-08-10 21:28:00 - DEBUG - 导入本体节点:22
2023-08-10 21:28:00 - DEBUG - 导入实体节点:87
2023-08-10 21:28:01 - INFO - 导入实体与实例关系成功
2023-08-10 21:28:01 - DEBUG - 导入实体-实例关系:87
2023-08-10 21:28:01 - INFO - 导入实体关系成功
2023-08-10 21:28:01 - DEBUG - 导入实体关系:9
2023-08-10 21:28:02 - INFO - 导入实例关系成功
2023-08-10 21:28:02 - DEBUG - 导入实例关系:60
2023-08-11 10:38:49 - INFO - ******导入程序已启动*******
2023-08-11 10:39:03 - INFO - 导入节点成功
2023-08-11 10:39:03 - DEBUG - 导入本体节点:8
2023-08-11 10:39:03 - DEBUG - 导入实体节点:20
2023-08-11 10:39:08 - INFO - 导入实体与实例关系成功
2023-08-11 10:39:08 - DEBUG - 导入实体-实例关系:20
2023-08-11 20:59:18 - INFO - ******导入程序已启动*******
2023-08-11 20:59:19 - INFO - 导入节点成功
2023-08-11 20:59:19 - DEBUG - 导入本体节点:8
2023-08-11 20:59:19 - DEBUG - 导入实体节点:20
2023-08-11 20:59:19 - INFO - 导入实体与实例关系成功
2023-08-11 20:59:19 - DEBUG - 导入实体-实例关系:20
2023-08-11 21:03:49 - INFO - ******导入程序已启动*******
2023-08-11 21:03:49 - INFO - 导入节点成功
2023-08-11 21:03:49 - DEBUG - 导入本体节点:8
2023-08-11 21:03:49 - DEBUG - 导入实体节点:20
2023-08-11 21:03:50 - INFO - 导入实体与实例关系成功
2023-08-11 21:03:50 - DEBUG - 导入实体-实例关系:20
2023-08-11 21:07:41 - INFO - ******导入程序已启动*******
2023-08-11 21:07:43 - INFO - 导入节点成功
2023-08-11 21:07:43 - DEBUG - 导入本体节点:8
2023-08-11 21:07:43 - DEBUG - 导入实体节点:20
2023-08-11 21:07:43 - INFO - 导入实体与实例关系成功
2023-08-11 21:07:43 - DEBUG - 导入实体-实例关系:20
2023-08-11 21:08:02 - INFO - ******导入程序已启动*******
2023-08-11 21:08:02 - INFO - 导入节点成功
2023-08-11 21:08:02 - DEBUG - 导入本体节点:8
2023-08-11 21:08:02 - DEBUG - 导入实体节点:20
2023-08-11 21:08:03 - INFO - 导入实体与实例关系成功
2023-08-11 21:08:03 - DEBUG - 导入实体-实例关系:20
2023-08-11 21:13:10 - INFO - ******导入程序已启动*******
2023-08-11 21:13:10 - INFO - 导入节点成功
2023-08-11 21:13:10 - DEBUG - 导入本体节点:8
2023-08-11 21:13:10 - DEBUG - 导入实体节点:20
2023-08-11 21:13:10 - INFO - 导入实体与实例关系成功
2023-08-11 21:13:10 - DEBUG - 导入实体-实例关系:20
2023-08-11 21:16:37 - INFO - ******导入程序已启动*******
2023-08-11 21:16:38 - INFO - 导入节点成功
2023-08-11 21:16:38 - DEBUG - 导入本体节点:8
2023-08-11 21:16:38 - DEBUG - 导入实体节点:20
2023-08-11 21:16:38 - INFO - 导入实体与实例关系成功
2023-08-11 21:16:38 - DEBUG - 导入实体-实例关系:20
